
2016-09-27 14:49:48...installerHook: Could not find custom/install/install_hooks.php
2016-09-27 14:49:50...installerHook: Could not find custom/install/install_hooks.php
2016-09-27 14:49:56...installerHook: Could not find custom/install/install_hooks.php
2016-09-27 14:50:02...Begin System Check Process *************
2016-09-27 14:50:02...XML Parsing Support Found
2016-09-27 14:50:02...MBString Support Found
2016-09-27 14:50:02...ZIP Support Found
2016-09-27 14:50:02.../custom directory and subdirectory check passed
2016-09-27 14:50:02...cache directory and subdirectory check passed
2016-09-27 14:50:03.../module  directory and subdirectory check passed
2016-09-27 14:50:03.../upload directory check passed
2016-09-27 14:50:03.../zip check passed
2016-09-27 14:50:03...PCRE version check passed
2016-09-27 14:50:03...installerHook: Could not find custom/install/install_hooks.php
2016-09-27 14:50:03...php.ini location found. D:\wamp\bin\apache\apache2.4.4\bin\php.ini
2016-09-27 14:50:03...Outputting HTML for System check
2016-09-27 14:50:03...No Errors were found *************
2016-09-27 14:50:06...installerHook: Could not find custom/install/install_hooks.php
2016-09-27 14:50:09...installerHook: Could not find custom/install/install_hooks.php
2016-09-27 14:50:17...installerHook: Could not find custom/install/install_hooks.php
2016-09-27 14:51:27...Begin DB Check Process *************
2016-09-27 14:51:27...testing with mysql:mysqli
2016-09-27 14:51:27...Basic form info is valid, continuing Process.
2016-09-27 14:51:27...Testing user account...
2016-09-27 14:51:27...ERROR::  The provided database host, username, and/or password is invalid, and a connection to the database could not be established.  Please enter a valid host, username and password
2016-09-27 14:51:27...Testing priviliged account...
2016-09-27 14:51:27...Connection made using  host: localhost, usr: admin
2016-09-27 14:51:27...DB not selected, will create sugarce_custom
2016-09-27 14:51:27...ERROR:: Unable to check database version.
2016-09-27 14:51:27...FATAL:: errors have been detected!  User will not be allowed to continue.  Errors are as follow:
2016-09-27 14:51:27..... The provided database host, username, and/or password is invalid, and a connection to the database could not be established.  Please enter a valid host, username and password
2016-09-27 14:51:27..... Unable to check database version.
2016-09-27 14:51:27...End DB Check Process *************
2016-09-27 14:52:07...Begin DB Check Process *************
2016-09-27 14:52:07...testing with mysql:mysqli
2016-09-27 14:52:07...Basic form info is valid, continuing Process.
2016-09-27 14:52:07...Testing user account...
2016-09-27 14:52:07...ERROR::  The provided database host, username, and/or password is invalid, and a connection to the database could not be established.  Please enter a valid host, username and password
2016-09-27 14:52:07...Testing priviliged account...
2016-09-27 14:52:07...Connection made using  host: localhost, usr: admin
2016-09-27 14:52:07...DB not selected, will create sugarce_custom
2016-09-27 14:52:07...ERROR:: Unable to check database version.
2016-09-27 14:52:07...FATAL:: errors have been detected!  User will not be allowed to continue.  Errors are as follow:
2016-09-27 14:52:07..... The provided database host, username, and/or password is invalid, and a connection to the database could not be established.  Please enter a valid host, username and password
2016-09-27 14:52:07..... Unable to check database version.
2016-09-27 14:52:07...End DB Check Process *************
2016-09-27 14:53:06...Begin DB Check Process *************
2016-09-27 14:53:06...testing with mysql:mysqli
2016-09-27 14:53:06...Basic form info is valid, continuing Process.
2016-09-27 14:53:06...Testing user account...
2016-09-27 14:53:06...ERROR::  The provided database host, username, and/or password is invalid, and a connection to the database could not be established.  Please enter a valid host, username and password
2016-09-27 14:53:06...Testing priviliged account...
2016-09-27 14:53:06...Connection made using  host: localhost, usr: admin
2016-09-27 14:53:06...DB not selected, will create sugarce_custom
2016-09-27 14:53:06...ERROR:: Unable to check database version.
2016-09-27 14:53:06...FATAL:: errors have been detected!  User will not be allowed to continue.  Errors are as follow:
2016-09-27 14:53:06..... The provided database host, username, and/or password is invalid, and a connection to the database could not be established.  Please enter a valid host, username and password
2016-09-27 14:53:06..... Unable to check database version.
2016-09-27 14:53:06...End DB Check Process *************
2016-09-27 14:53:24...Begin DB Check Process *************
2016-09-27 14:53:24...testing with mysql:mysqli
2016-09-27 14:53:24...Basic form info is valid, continuing Process.
2016-09-27 14:53:24...Testing user account...
2016-09-27 14:53:24...ERROR::  The provided database host, username, and/or password is invalid, and a connection to the database could not be established.  Please enter a valid host, username and password
2016-09-27 14:53:24...Testing priviliged account...
2016-09-27 14:53:24...Connection made using  host: localhost, usr: user
2016-09-27 14:53:24...DB not selected, will create sugarce_custom
2016-09-27 14:53:24...ERROR:: Unable to check database version.
2016-09-27 14:53:24...FATAL:: errors have been detected!  User will not be allowed to continue.  Errors are as follow:
2016-09-27 14:53:24..... The provided database host, username, and/or password is invalid, and a connection to the database could not be established.  Please enter a valid host, username and password
2016-09-27 14:53:24..... Unable to check database version.
2016-09-27 14:53:24...End DB Check Process *************
2016-09-27 14:53:54...Begin DB Check Process *************
2016-09-27 14:53:54...testing with mysql:mysqli
2016-09-27 14:53:54...Basic form info is valid, continuing Process.
2016-09-27 14:53:54...Testing user account...
2016-09-27 14:53:54...Connection made using  host: localhost, usr: root
2016-09-27 14:53:54...Testing priviliged account...
2016-09-27 14:53:54...Connection made using  host: localhost, usr: root
2016-09-27 14:53:54...ERROR:: The provided Database Name already exists.  You can<br>1.  hit the back button and choose a new database name <br>2.  click next and continue but all existing tables on this database will be dropped.  <strong>This means your tables and data will be blown away.</strong>
2016-09-27 14:53:54...Passed DB install check
2016-09-27 14:53:54...WARNING:: no errors detected, but DB tables will be dropped!, issuing warning to user
2016-09-27 14:53:54...End DB Check Process *************
2016-09-27 14:54:11...installerHook: Could not find custom/install/install_hooks.php
2016-09-27 14:54:22...installerHook: Could not find custom/install/install_hooks.php
2016-09-27 14:54:42...installerHook: Could not find custom/install/install_hooks.php
2016-09-27 14:54:42...calling handleSugarConfig()
2016-09-27 14:54:42...calling handleLog4Php()
2016-09-27 14:54:42...calling handleHtaccess()
2016-09-27 14:54:42...calling handleDbCharsetCollation()
2016-09-27 14:54:44...looping through all the Beans and create their tables
2016-09-27 14:54:44...processing table acl_actions
2016-09-27 14:54:44...dropping table acl_actions
2016-09-27 14:54:45...creating table acl_actions
2016-09-27 14:54:45...creating Relationship Meta for ACLAction
2016-09-27 14:54:45...processing table acl_roles
2016-09-27 14:54:45...dropping table acl_roles
2016-09-27 14:54:45...creating table acl_roles
2016-09-27 14:54:45...creating Relationship Meta for ACLRole
2016-09-27 14:54:45...processing table relationships
2016-09-27 14:54:45...dropping table relationships
2016-09-27 14:54:45...creating table relationships
2016-09-27 14:54:45...creating Relationship Meta for Relationship
2016-09-27 14:54:46...processing table leads
2016-09-27 14:54:46...dropping table leads
2016-09-27 14:54:48...creating table leads
2016-09-27 14:54:48...creating Relationship Meta for Lead
2016-09-27 14:54:48...processing table cases
2016-09-27 14:54:48...dropping table cases
2016-09-27 14:54:49...creating table cases
2016-09-27 14:54:49...creating Relationship Meta for Case
2016-09-27 14:54:50...processing table bugs
2016-09-27 14:54:50...dropping table bugs
2016-09-27 14:54:51...creating table bugs
2016-09-27 14:54:51...creating Relationship Meta for Bug
2016-09-27 14:54:51...processing table users
2016-09-27 14:54:51...dropping table users
2016-09-27 14:54:52...creating table users
2016-09-27 14:54:52...creating Relationship Meta for User
2016-09-27 14:54:52...processing table campaign_log
2016-09-27 14:54:52...dropping table campaign_log
2016-09-27 14:54:53...creating table campaign_log
2016-09-27 14:54:53...creating Relationship Meta for CampaignLog
2016-09-27 14:54:53...processing table project
2016-09-27 14:54:53...dropping table project
2016-09-27 14:54:54...creating table project
2016-09-27 14:54:54...creating Relationship Meta for Project
2016-09-27 14:54:54...processing table project_task
2016-09-27 14:54:54...dropping table project_task
2016-09-27 14:54:55...creating table project_task
2016-09-27 14:54:55...creating Relationship Meta for ProjectTask
2016-09-27 14:54:55...processing table campaigns
2016-09-27 14:54:55...dropping table campaigns
2016-09-27 14:54:56...creating table campaigns
2016-09-27 14:54:56...creating Relationship Meta for Campaign
2016-09-27 14:54:56...processing table prospect_lists
2016-09-27 14:54:56...dropping table prospect_lists
2016-09-27 14:54:57...creating table prospect_lists
2016-09-27 14:54:57...creating Relationship Meta for ProspectList
2016-09-27 14:54:57...processing table prospects
2016-09-27 14:54:57...dropping table prospects
2016-09-27 14:54:57...creating table prospects
2016-09-27 14:54:57...creating Relationship Meta for Prospect
2016-09-27 14:54:58...processing table email_marketing
2016-09-27 14:54:58...dropping table email_marketing
2016-09-27 14:54:58...creating table email_marketing
2016-09-27 14:54:58...creating Relationship Meta for EmailMarketing
2016-09-27 14:54:58...processing table campaign_trkrs
2016-09-27 14:54:58...dropping table campaign_trkrs
2016-09-27 14:54:59...creating table campaign_trkrs
2016-09-27 14:54:59...creating Relationship Meta for CampaignTracker
2016-09-27 14:54:59...processing table releases
2016-09-27 14:54:59...dropping table releases
2016-09-27 14:54:59...creating table releases
2016-09-27 14:54:59...creating Relationship Meta for Release
2016-09-27 14:54:59...processing table emailman
2016-09-27 14:54:59...dropping table emailman
2016-09-27 14:55:00...creating table emailman
2016-09-27 14:55:00...creating Relationship Meta for EmailMan
2016-09-27 14:55:00...processing table schedulers
2016-09-27 14:55:00...dropping table schedulers
2016-09-27 14:55:00...creating table schedulers
2016-09-27 14:55:00...creating Relationship Meta for Scheduler
2016-09-27 14:55:00...processing table job_queue
2016-09-27 14:55:00...dropping table job_queue
2016-09-27 14:55:01...creating table job_queue
2016-09-27 14:55:01...creating Relationship Meta for SchedulersJob
2016-09-27 14:55:01...processing table contacts
2016-09-27 14:55:01...dropping table contacts
2016-09-27 14:55:03...creating table contacts
2016-09-27 14:55:03...creating Relationship Meta for Contact
2016-09-27 14:55:04...processing table accounts
2016-09-27 14:55:04...dropping table accounts
2016-09-27 14:55:05...creating table accounts
2016-09-27 14:55:05...creating Relationship Meta for Account
2016-09-27 14:55:05...processing table opportunities
2016-09-27 14:55:05...dropping table opportunities
2016-09-27 14:55:06...creating table opportunities
2016-09-27 14:55:06...creating Relationship Meta for Opportunity
2016-09-27 14:55:07...processing table email_templates
2016-09-27 14:55:07...dropping table email_templates
2016-09-27 14:55:07...creating table email_templates
2016-09-27 14:55:07...creating Relationship Meta for EmailTemplate
2016-09-27 14:55:07...processing table notes
2016-09-27 14:55:07...dropping table notes
2016-09-27 14:55:08...creating table notes
2016-09-27 14:55:08...creating Relationship Meta for Note
2016-09-27 14:55:08...processing table calls
2016-09-27 14:55:08...dropping table calls
2016-09-27 14:55:09...creating table calls
2016-09-27 14:55:09...creating Relationship Meta for Call
2016-09-27 14:55:09...processing table emails
2016-09-27 14:55:09...dropping table emails
2016-09-27 14:55:10...creating table emails
2016-09-27 14:55:10...creating Relationship Meta for Email
2016-09-27 14:55:11...processing table meetings
2016-09-27 14:55:11...dropping table meetings
2016-09-27 14:55:12...creating table meetings
2016-09-27 14:55:12...creating Relationship Meta for Meeting
2016-09-27 14:55:12...processing table tasks
2016-09-27 14:55:12...dropping table tasks
2016-09-27 14:55:13...creating table tasks
2016-09-27 14:55:13...creating Relationship Meta for Task
2016-09-27 14:55:13...processing table users
2016-09-27 14:55:13...processing table users
2016-09-27 14:55:13...processing table currencies
2016-09-27 14:55:13...dropping table currencies
2016-09-27 14:55:13...creating table currencies
2016-09-27 14:55:13...creating Relationship Meta for Currency
2016-09-27 14:55:13...processing table tracker
2016-09-27 14:55:13...dropping table tracker
2016-09-27 14:55:14...creating table tracker
2016-09-27 14:55:14...creating Relationship Meta for Tracker
2016-09-27 14:55:14...processing table import_maps
2016-09-27 14:55:14...dropping table import_maps
2016-09-27 14:55:15...creating table import_maps
2016-09-27 14:55:15...creating Relationship Meta for ImportMap
2016-09-27 14:55:15...processing table users_last_import
2016-09-27 14:55:15...dropping table users_last_import
2016-09-27 14:55:15...creating table users_last_import
2016-09-27 14:55:15...creating Relationship Meta for UsersLastImport
2016-09-27 14:55:15...processing table config
2016-09-27 14:55:15...dropping table config
2016-09-27 14:55:16...creating table config
2016-09-27 14:55:16...creating Relationship Meta for Administration
2016-09-27 14:55:16...processing table upgrade_history
2016-09-27 14:55:16...dropping table upgrade_history
2016-09-27 14:55:16...creating table upgrade_history
2016-09-27 14:55:16...creating Relationship Meta for UpgradeHistory
2016-09-27 14:55:16...processing table vcals
2016-09-27 14:55:16...dropping table vcals
2016-09-27 14:55:17...creating table vcals
2016-09-27 14:55:17...creating Relationship Meta for vCal
2016-09-27 14:55:17...processing table versions
2016-09-27 14:55:17...dropping table versions
2016-09-27 14:55:17...creating table versions
2016-09-27 14:55:17...creating Relationship Meta for Version
2016-09-27 14:55:17...processing table roles
2016-09-27 14:55:17...dropping table roles
2016-09-27 14:55:17...creating table roles
2016-09-27 14:55:17...creating Relationship Meta for Role
2016-09-27 14:55:18...processing table documents
2016-09-27 14:55:18...dropping table documents
2016-09-27 14:55:18...creating table documents
2016-09-27 14:55:18...creating Relationship Meta for Document
2016-09-27 14:55:18...processing table document_revisions
2016-09-27 14:55:18...dropping table document_revisions
2016-09-27 14:55:19...creating table document_revisions
2016-09-27 14:55:19...creating Relationship Meta for DocumentRevision
2016-09-27 14:55:19...processing table fields_meta_data
2016-09-27 14:55:19...dropping table fields_meta_data
2016-09-27 14:55:19...creating table fields_meta_data
2016-09-27 14:55:19...creating Relationship Meta for FieldsMetaData
2016-09-27 14:55:19...processing table inbound_email
2016-09-27 14:55:19...dropping table inbound_email
2016-09-27 14:55:20...creating table inbound_email
2016-09-27 14:55:20...creating Relationship Meta for InboundEmail
2016-09-27 14:55:20...processing table saved_search
2016-09-27 14:55:20...dropping table saved_search
2016-09-27 14:55:20...creating table saved_search
2016-09-27 14:55:20...creating Relationship Meta for SavedSearch
2016-09-27 14:55:20...processing table user_preferences
2016-09-27 14:55:20...dropping table user_preferences
2016-09-27 14:55:20...creating table user_preferences
2016-09-27 14:55:20...creating Relationship Meta for UserPreference
2016-09-27 14:55:20...processing table 
2016-09-27 14:55:20...processing table email_addresses
2016-09-27 14:55:20...dropping table email_addresses
2016-09-27 14:55:21...creating table email_addresses
2016-09-27 14:55:21...creating Relationship Meta for EmailAddress
2016-09-27 14:55:21...processing table emails_text
2016-09-27 14:55:21...dropping table emails_text
2016-09-27 14:55:21...creating table emails_text
2016-09-27 14:55:21...creating Relationship Meta for EmailText
2016-09-27 14:55:21...processing table sugarfeed
2016-09-27 14:55:21...dropping table sugarfeed
2016-09-27 14:55:22...creating table sugarfeed
2016-09-27 14:55:22...creating Relationship Meta for SugarFeed
2016-09-27 14:55:22...processing table eapm
2016-09-27 14:55:22...dropping table eapm
2016-09-27 14:55:22...creating table eapm
2016-09-27 14:55:22...creating Relationship Meta for EAPM
2016-09-27 14:55:22...processing table oauth_consumer
2016-09-27 14:55:22...dropping table oauth_consumer
2016-09-27 14:55:23...creating table oauth_consumer
2016-09-27 14:55:23...creating Relationship Meta for OAuthKey
2016-09-27 14:55:23...processing table oauth_tokens
2016-09-27 14:55:23...dropping table oauth_tokens
2016-09-27 14:55:23...creating table oauth_tokens
2016-09-27 14:55:23...creating Relationship Meta for OAuthToken
2016-09-27 14:55:51...Begin creating Defaults
2016-09-27 14:55:51...insert defaults into config table
2016-09-27 14:55:51...Creating default users
2016-09-27 14:55:51...Creating default scheduler jobs
2016-09-27 14:55:52...Enable SugarFeeds
2016-09-27 14:55:52...Enable InsideView Connector
2016-09-27 14:55:52...Creating FTS logic hook
2016-09-27 14:55:52...populating the db with seed data
2016-09-27 14:57:52...Installation has completed *********
2016-09-27 14:58:42...installerHook: Could not find custom/install/install_hooks.php